"in_mass-rfile"
"Iteration" "in_mass"
("Iteration" "in_mass")
1 1.798360565612282
2 14.67904025864076
3 6.992162029605099
4 6.328895833433559
5 6.008891006699859
6 5.336039174203109
7 4.743273769930352
8 4.286818672799458
9 3.907176998199616
10 3.612482634143116
11 3.368610768217864
12 3.256009976283146
13 3.194329607615692
14 3.186346508822706
15 3.197720977833897
16 3.246688411130845
17 3.282576123966714
18 3.337570392477735
19 3.404224874327436
20 3.474057970929468
21 3.535444631849902
22 3.592620176008046
23 3.639891758288655
24 3.67653976849421
25 3.698321619098563
26 3.711925126861026
27 3.721201603809777
28 3.722314011211087
29 3.710756965627715
30 3.69823096322798
31 3.683833056971893
32 3.66867312508624
33 3.655340738155914
34 3.638628689914935
35 3.625337133066586
36 3.613771973597125
37 3.60384260767743
38 3.596031652452659
39 3.590972759149174
40 3.586996270600905
41 3.585361013522408
42 3.584819748289873
43 3.584579707500763
44 3.584201467823211
45 3.585049282965999
46 3.585124033048203
47 3.587497608710106
48 3.589646552916165
49 3.591705897163796
50 3.593755303599465
51 3.595696796099362
52 3.597476871953754
53 3.599030480471575
54 3.60034110394008
55 3.60140069964647
56 3.602204513306883
57 3.602811108192191
58 3.603241216701757
59 3.603524318040179
60 3.603678623700979
61 3.603717697124983
62 3.603660111653648
63 3.603563210030254
64 3.603441901473146
65 3.603316900192708
66 3.603194041525637
67 3.603085913239974
68 3.603001342934595
69 3.60294113960794
70 3.602900823525697
71 3.602898500492814
72 3.602921610740165
73 3.602979573865812
74 3.603069739146598
75 3.603159905677456
76 3.603259871638318
77 3.603368385396996
78 3.60348357290388
79 3.60360039931475
80 3.603716413775133
81 3.603828446509974
82 3.603934644168686
83 3.604038213899734
84 3.604131554917696
85 3.604214814163035
86 3.604288494016097
87 3.604352872259363
88 3.604404910692496
89 3.604448602892986
90 3.604484936787408
91 3.604514577518499
92 3.60453706831807
93 3.604555027680326
94 3.604568601348921
95 3.604578265527827
96 3.604584567310429
97 3.604598684128502
98 3.604604740488581
99 3.604606535962265
100 3.604605968203408
101 3.604601320603163
102 3.604590886600245
103 3.60457823066287
104 3.604563200414598
105 3.604546711960093
106 3.604528618571116
107 3.604508966205633
108 3.604487832161406
109 3.604465258794245
110 3.604441318669456
111 3.604416049988417
112 3.604390037366556
113 3.604362636743846
114 3.604334025468606
115 3.604304537399488
116 3.604274059235317
117 3.604243304384553
118 3.604211561686254
119 3.604179046888845
120 3.604145822379371
121 3.604110619308435
122 3.604075266794588
123 3.604039522828999
124 3.60400454119314
125 3.603969126740981
126 3.603933476105647
127 3.60389776231241
128 3.603862072795471
129 3.603826491399062
130 3.603791055986359
131 3.603754856401218
132 3.603719260502872
133 3.603684200254553
134 3.603649552681838
135 3.603615457896198
136 3.603581650802838
137 3.603548667075482
138 3.603516335618176
139 3.603484615334209
140 3.603453416755832
141 3.603422868550537
142 3.603392937245691
143 3.603363633773303
144 3.603335056012023
145 3.603307106674404
146 3.603279841730579
147 3.603253539900221
148 3.603227491543307
149 3.603202371348574
150 3.60317808581564
151 3.603154675110446
152 3.60313210243723
153 3.603110395240077
154 3.603089569453374
155 3.603069635143594
156 3.603050598744108
157 3.603032463646636
158 3.603014991363409
159 3.602998494055037
160 3.602982923876359
161 3.602968250290244
162 3.602954454350338
163 3.602941383831502
164 3.602929189477907
165 3.602917815319584
166 3.602907231335087
167 3.602897399802718
168 3.602888288577163
169 3.602879864438554
170 3.602872093733209
171 3.602864940063355
172 3.602858362697369
173 3.602852334991531
174 3.602846820034493
175 3.602841783482918
176 3.602837193770645
177 3.602833018986312
178 3.602829229608044
179 3.602825796313747
180 3.602822693075077
181 3.602819892749025
182 3.602817371915651
183 3.602815107015947
184 3.602813077253753
185 3.602811262164638
186 3.602809643078015
187 3.602808202521515
188 3.602806924312219
189 3.602805793069464
190 3.602804794229107
191 3.60280391632743
192 3.602803146172395
193 3.602802472438904
194 3.602801886125211
195 3.602801377813851
196 3.602800938877205
197 3.602800561818585
198 3.602800239012117
199 3.602799964506207
200 3.602799733522255
201 3.602799539252303
202 3.602799377972161
203 3.602799245639916
204 3.602799138501255
205 3.602799053044111
206 3.602798986372393
207 3.602798935931617
208 3.602798899075142
209 3.602798874088344
210 3.602798858545732
211 3.602798851992656
212 3.602798853206739
213 3.602798859824385
214 3.602798870929405
215 3.602798885838333
216 3.602798904118923
217 3.602798924336815
218 3.602798946828766
219 3.602798970871292
220 3.602798995604707
221 3.6027990211018
222 3.602799047002606
223 3.602799072536463
224 3.602799098694033
225 3.602799124103695
226 3.602799149009309
227 3.602799173759917
228 3.602799197100269
229 3.602799219867158
230 3.602799242448906
231 3.602799264093929
232 3.60279928519508
233 3.602799305293433
234 3.602799324711144
235 3.602799342808992
236 3.602799360452853
237 3.602799377160898
238 3.602799393665338
239 3.602799409532863
240 3.602799424548718
241 3.602799438516198
242 3.602799452308471
243 3.602799464945442
244 3.602799477301929
245 3.602799489716111
246 3.602799501331516
247 3.602799512411589
248 3.602799523225919
249 3.602799533908061
250 3.602799543951186
251 3.602799553939085
252 3.602799562976474
253 3.602799571715758
254 3.602799579956268
255 3.602799587659979
256 3.602799595102162
257 3.602799602945128
258 3.602799610488273
259 3.602799617107713
260 3.602799624180109
261 3.602799630672541
262 3.602799636993996
263 3.602799643824381
264 3.602799649986749
265 3.60279965576687
266 3.602799661768271
267 3.602799667567448
268 3.602799672858914
269 3.602799677999112
270 3.602799682777479
271 3.602799687377985
272 3.60279969229288
273 3.602799696798615
274 3.602799701038965
275 3.602799705015304
276 3.602799709218904
277 3.602799713283271
278 3.602799717179947
279 3.602799720794067
280 3.602799724453119
281 3.602799727787424
282 3.602799730971697
283 3.602799734276677
284 3.602799737557333
285 3.602799740521243
286 3.602799743074041
287 3.602799745930073
288 3.60279974853659
289 3.602799751165016
290 3.602799753730675
291 3.602799756280964
292 3.602799758399247
293 3.602799760539447
294 3.602799762792999
295 3.602799764515448
296 3.602799766498193
297 3.602799768290805
298 3.602799769951981
299 3.602799771851807
300 3.602799773467341
301 3.602799774904389
302 3.602799776386874
303 3.602799777757653
304 3.602799778856504
305 3.602799779960275
306 3.602799780764317
307 3.602799781608561
308 3.602799782706211
309 3.602799783699627
310 3.602799784792543
311 3.602799785830065
312 3.602799786725134
313 3.602799787470302
314 3.60279978843399
315 3.602799788975362
316 3.602799789457993
317 3.602799790265614
318 3.602799790927823
319 3.602799791170457
320 3.602799791668208
321 3.602799792311529
322 3.602799792901175
323 3.602799793444607
324 3.602799794127692
325 3.602799794328639
326 3.602799794572102
327 3.602799794742907
328 3.602799795146306
329 3.602799795405847
330 3.602799795387219
331 3.602799795409554
332 3.602799795923913
333 3.602799796288333
334 3.602799796318238
335 3.602799796451552
336 3.602799796487325
337 3.602799796511647
338 3.602799796508504
339 3.602799797097797
340 3.602799797368778
341 3.602799797664848
342 3.602799797807902
343 3.602799797865587
344 3.602799798185021
345 3.602799798315702
346 3.602799798383435
347 3.602799798430106
348 3.60279979855065
349 3.602799798384725
350 3.602799798254458
351 3.602799798121777
352 3.602799798174235
353 3.602799798307716
354 3.602799798191415
355 3.602799798218308
356 3.602799798440532
357 3.602799798554698
358 3.602799798571799
359 3.602799798775264
360 3.602799798688083
361 3.60279979851848
362 3.602799798811424
363 3.602799798742452
364 3.60279979844197
365 3.602799798453699
366 3.602799798780221
367 3.602799799072903
368 3.602799799302124
369 3.602799799225841
370 3.602799799099131
371 3.602799799113216
372 3.602799799081316
373 3.602799799019651
374 3.602799798950358
375 3.602799798939605
376 3.602799798649731
377 3.602799798800041
378 3.602799798995454
379 3.602799798791605
380 3.602799798798816
381 3.60279979859872
382 3.602799798748618
383 3.602799798912698
384 3.602799799220584
385 3.602799799087919
386 3.602799799226632
387 3.602799799350285
388 3.602799799302175
389 3.60279979925047
390 3.602799798725317
391 3.602799798429174
392 3.602799798482378
393 3.60279979861204
394 3.60279979869156
395 3.602799798948954
396 3.602799799167625
397 3.602799799124975
398 3.602799799060786
399 3.602799799103491
400 3.60934338414781
401 3.615742352187501
402 3.621642412070278
403 3.626395642435311
404 3.630625682759932
405 3.634127479893527
406 3.636804621851159
407 3.63845309615549
408 3.639616879203416
409 3.640415344563642
410 3.640989147194885
411 3.64146738047385
412 3.641952929832467
413 3.642525164659836
414 3.643227312636697
415 3.644105129504105
416 3.645134508772869
417 3.64629422231777
418 3.647555041670492
419 3.64884995332353
420 3.650226761164234
421 3.651566548095882
422 3.652907448514965
423 3.654182723712927
424 3.655379355944288
425 3.656484418386751
426 3.657488584836125
427 3.658401853199664
428 3.659206302724832
429 3.659906958553046
430 3.660509529049881
431 3.661021169598262
432 3.661484918071367
433 3.661855375947783
434 3.66215376746685
435 3.662391228388154
436 3.662576561446266
437 3.662717787451154
438 3.66282193223114
439 3.662895718813298
440 3.662978776137544
441 3.66299247295463
442 3.663000505114165
443 3.66299833327455
444 3.662986786387135
445 3.662967796437009
446 3.662953664600719
447 3.66291996970612
448 3.662892874387917
449 3.662859916780643
450 3.662823489378174
451 3.662784728944129
452 3.662744126785039
453 3.662702088317744
454 3.662658794109092
455 3.662614497119283
456 3.662569415140328
457 3.662523744738181
458 3.662477668169075
459 3.662431357371072
460 3.662384973156371
461 3.662338665738288
462 3.662292573049235
463 3.662246820267954
464 3.662201518173303
465 3.66215676290038
466 3.662112637538169
467 3.662069205314572
468 3.662026511378177
469 3.661984601845435
470 3.66194347836502
471 3.661903135678581
472 3.661863581015652
473 3.661824793377741
474 3.661786736553623
475 3.661749372940027
476 3.661712649955888
477 3.661676515731681
478 3.661640911510776
479 3.661605776006526
480 3.661571034769982
481 3.661536623886847
482 3.661502472699632
483 3.661468515103241
484 3.661434679015358
485 3.661400900315541
486 3.661367108813629
487 3.66133488307623
488 3.661298918068898
489 3.661264167803056
490 3.661229443404863
491 3.661194519345303
492 3.661159300692294
493 3.661123715672859
494 3.661087689583983
495 3.661051155931317
496 3.661014041920447
497 3.660976287834711
498 3.660937830006903
499 3.66089861611195
500 3.660858591248602
501 3.660817712265626
502 3.660775923639513
503 3.660733201229804
504 3.66068950382988
505 3.660644805826882
506 3.660599077072836
507 3.66055229889593
508 3.660504447889034
509 3.660452365561318
510 3.660400726212929
511 3.660348325444412
512 3.660294944331972
513 3.660240554066391
514 3.660185157090563
515 3.660128766827811
516 3.660071393988297
517 3.660013055741643
518 3.659953767859039
519 3.659893554592963
520 3.659832440295063
521 3.659770458931718
522 3.65970764517464
523 3.659644044999389
524 3.659579701969408
525 3.659514670056992
526 3.659449003677256
527 3.65938276571535
528 3.659314362752919
529 3.659246247542628
530 3.659177969341389
531 3.659109498265811
532 3.659040892711604
533 3.658972229995518
534 3.658903584141101
535 3.658835028796911
536 3.658766632115038
537 3.658698462170116
538 3.658630586651188
539 3.658563068407461
540 3.658495973922332
541 3.658429363320826
542 3.658363300936335
543 3.658297845360266
544 3.658233058294548
545 3.658168998504645
546 3.658105727697437
547 3.658043299549467
548 3.657981773942469
549 3.657921200689398
550 3.657861629135922
551 3.657803111665202
552 3.657745696820666
553 3.657689425846273
554 3.657634340313063
555 3.657580477653299
556 3.657527870213368
557 3.657476547798743
558 3.657426535194544
559 3.657377855439081
560 3.657330520986669
561 3.657284546429203
562 3.657239940884747
563 3.657196710111031
564 3.657154855979851
565 3.657114377554001
566 3.657075268908531
567 3.657037523036618
568 3.657001129684843
569 3.656966076134722
570 3.6569323473524
571 3.656899926210745
572 3.656868794137008
573 3.656838929338946
574 3.65681031011471
575 3.656782912445964
576 3.656756711003502
577 3.656731679678031
578 3.656707789849972
579 3.656685013646003
580 3.656663321738803
581 3.656642683485085
582 3.656623068572053
583 3.656604446055252
584 3.65658678417685
585 3.656570051309706
586 3.656554213840057
587 3.656539239883215
588 3.656525097208184
589 3.656511752167662
590 3.656499173018404
591 3.65648732817635
592 3.656476184947575
593 3.656465712860698
594 3.656455881735039
595 3.656446660577354
596 3.656438020724988
597 3.656429934054051
598 3.656422371687809
599 3.656415307239991
600 3.656408714963614
601 3.656402568448014
602 3.656396692925416
603 3.656391305425702
604 3.656386318919708
605 3.656381699431323
606 3.656377423696437
607 3.656373468254493
608 3.656369813730759
609 3.656366441362923
610 3.656363330412348
611 3.656360464071584
612 3.656357826258066
613 3.656355399021628
614 3.656353169239263
615 3.656351120931922
616 3.656349242013833
617 3.656347521024363
618 3.656345944495703
619 3.656344503609244
620 3.656343186485068
621 3.656341882900019
622 3.656340739331086
623 3.656339711495277
624 3.656338787078245
625 3.656337953774054
626 3.656337205891664
627 3.656336538116872
628 3.656335940183601
629 3.656335408862442
630 3.656334934700931
631 3.65633451529652
632 3.656334142041606
633 3.656333811849397
634 3.656333522034565
635 3.656333265149755
636 3.656332967988602
637 3.656332726053692
638 3.656332520415321
639 3.656332342838217
640 3.656332192692978
641 3.656332066491698
642 3.656331963257331
643 3.656331882912059
644 3.65633182162736
645 3.656331779087883
646 3.656331751339004
647 3.656331738191245
648 3.656331735878575
649 3.656331744434482
650 3.65633176031504
651 3.656331782592845
652 3.656331811564715
653 3.656331844148708
654 3.656331881059016
655 3.656331919598959
656 3.656331960964659
657 3.656332002829499
658 3.656332046708712
659 3.656332090533707
660 3.656332135997863
661 3.656332181116678
662 3.656332226399274
663 3.656332273446235
664 3.65633232030863
665 3.656332368665987
666 3.656332416605836
667 3.656332465952265
668 3.656332514867191
669 3.656332565221496
670 3.656332615186376
671 3.656332666588242
672 3.656332717508232
673 3.656332768460471
674 3.656332821016153
675 3.656332873165399
676 3.656332926503379
677 3.656332979031833
678 3.656333032488237
679 3.656333084965134
680 3.656333138280173
681 3.656333190555996
682 3.65633324358917
683 3.656333295477124
684 3.656333348008267
685 3.656333399268185
686 3.656333449800909
687 3.656333501188517
688 3.656333551418599
689 3.656333602115393
690 3.656333651323859
691 3.65633370086056
692 3.65633374887733
693 3.65633379720474
694 3.656333843997599
695 3.656333891082863
696 3.656333936582898
697 3.656333981071753
698 3.656334026154329
699 3.656334069853338
700 3.656334113803676
701 3.656334156066258
702 3.656334198474182
703 3.656334239195067
704 3.656334280085153
705 3.656334319314203
706 3.656334358717658
707 3.6563343964784
708 3.65633443446028
709 3.656334470787485
710 3.656334506030325
711 3.656334541795413
712 3.656334576120627
713 3.656334610691586
714 3.656334643602422
715 3.656334676676521
716 3.656334708080062
717 3.656334739660876
718 3.656334769620506
719 3.65633479983536
720 3.656334828438244
721 3.656334856002506
722 3.656334884135544
723 3.656334910873325
724 3.656334937896476
725 3.656334963295017
726 3.656334988886087
727 3.656335012829921
728 3.656335036969961
729 3.656335059505959
730 3.656335082316739
731 3.656335103571407
732 3.65633512511346
733 3.656335145055321
734 3.656335163975613
735 3.65633518352452
736 3.656335201755
737 3.656335220329252
738 3.656335237337481
739 3.656335254596824
740 3.656335270309231
741 3.656335286366102
742 3.656335300959064
743 3.656335315959863
744 3.656335329497631
745 3.656335342163189
746 3.656335355609901
747 3.656335367897479
748 3.656335380696361
749 3.656335392090801
750 3.656335403894881
751 3.656335414300889
752 3.65633542519666
753 3.65633543476912
754 3.656335444880148
755 3.656335453689079
756 3.656335463050494
757 3.656335471104709
758 3.656335478444528
759 3.656335486692498
760 3.656335493886476
761 3.656335501681367
762 3.656335508175657
763 3.656335515218878
764 3.656335520987467
765 3.656335527356387
766 3.656335532504531
767 3.656335538301324
768 3.656335542898817
769 3.656335546893413
770 3.656335551920303
771 3.656335556025589
772 3.656335560865376
773 3.656335564535167
774 3.656335568877674
775 3.656335572071993
776 3.65633557598791
777 3.656335578797526
778 3.656335582363099
779 3.656335584865709
780 3.656335588164902
781 3.65633559038429
782 3.656335592097789
783 3.656335594915328
784 3.656335596885858
785 3.656335599682104
786 3.656335601386317
787 3.656335603825684
788 3.656335605166642
789 3.656335607281419
790 3.656335608359527
791 3.656335610272684
792 3.656335611150651
793 3.656335611579008
794 3.656335613180658
795 3.656335614004213
796 3.656335615722742
797 3.656335616414164
798 3.656335617909324
799 3.65633561837337
800 3.656335619675854
801 3.656335619998039
802 3.656335621204676
803 3.656335621463021
804 3.656335622620508
805 3.656335622792632
806 3.656335622555857
807 3.656335623539129
808 3.656335623773204
809 3.656335624919457
810 3.656335625048898
811 3.656335625992082
812 3.656335625926995
813 3.65633562671977
814 3.656335626551977
815 3.656335627279353
816 3.656335627032592
817 3.656335626399308
818 3.656335627009759
819 3.656335626903614
820 3.65633562774006
821 3.656335627594302
822 3.65633562829561
823 3.656335628019617
824 3.656335628627907
825 3.656335628298268
826 3.656335628884708
827 3.656335628556882
828 3.65633562916564
829 3.656335628824294
830 3.65633562811164
831 3.656335628641331
832 3.656335628449255
833 3.656335629194297
834 3.65633562895037
835 3.656335629549905
836 3.656335629161301
837 3.656335629652093
838 3.656335629199521
839 3.656335629663638
840 3.656335629174365
841 3.656335628320035
842 3.656335628723669
843 3.65633562842395
844 3.656335629079921
845 3.656335628768124
846 3.65633562932079
847 2.474654429366698
848 2.623838901542222
849 2.750753456748036
850 2.853277678232688
851 2.94342350871882
852 3.031130775898892
853 3.118150726656901
854 3.203383827416294
855 3.283270475097551
856 4.124710587619042
857 4.124655855308398
858 4.124649617224041
859 4.124646498359868
